t:\35vs2022\intermediate\interfacelib\r_wikigames_eng_win32\interfacelib.pdb
t:\35vs2022\intermediate\interfacelib\r_wikigames_eng_win32\infchangecharactor.obj
t:\35vs2022\intermediate\interfacelib\r_wikigames_eng_win32\infbase.obj
t:\35vs2022\intermediate\interfacelib\r_wikigames_eng_win32\infautospritebtn.obj
t:\35vs2022\intermediate\interfacelib\r_wikigames_eng_win32\infattackdirection.obj
t:\35vs2022\intermediate\interfacelib\r_wikigames_eng_win32\infarenatxt.obj
t:\35vs2022\intermediate\interfacelib\r_wikigames_eng_win32\infarenateaminfo.obj
t:\35vs2022\intermediate\interfacelib\r_wikigames_eng_win32\infarenascrollbar.obj
t:\35vs2022\intermediate\interfacelib\r_wikigames_eng_win32\infarenascore.obj
t:\35vs2022\intermediate\interfacelib\r_wikigames_eng_win32\infarenaresult.obj
t:\35vs2022\intermediate\interfacelib\r_wikigames_eng_win32\infarenacreate.obj
t:\35vs2022\intermediate\interfacelib\r_wikigames_eng_win32\infanictrl.obj
t:\35vs2022\intermediate\interfacelib\r_wikigames_eng_win32\infalertmsgbox.obj
t:\35vs2022\intermediate\interfacelib\r_wikigames_eng_win32\imekey.obj
t:\35vs2022\intermediate\interfacelib\r_wikigames_eng_win32\chattab_t.obj
t:\35vs2022\intermediate\interfacelib\r_wikigames_eng_win32\chatrender.obj
t:\35vs2022\intermediate\interfacelib\r_wikigames_eng_win32\chatmovedata.obj
t:\35vs2022\intermediate\interfacelib\r_wikigames_eng_win32\chatdata.obj
t:\35vs2022\intermediate\interfacelib\r_wikigames_eng_win32\chat.obj
t:\35vs2022\intermediate\interfacelib\r_wikigames_eng_win32\calendarbuilder.obj
t:\35vs2022\intermediate\interfacelib\r_wikigames_eng_win32\md5_lib_src.obj
t:\35vs2022\intermediate\interfacelib\r_wikigames_eng_win32\infcitysupply.obj
t:\35vs2022\intermediate\interfacelib\r_wikigames_eng_win32\infcitystore.obj
t:\35vs2022\intermediate\interfacelib\r_wikigames_eng_win32\infcityskillshop.obj
t:\35vs2022\intermediate\interfacelib\r_wikigames_eng_win32\infcityshop.obj
t:\35vs2022\intermediate\interfacelib\r_wikigames_eng_win32\infcityoutpost.obj
t:\35vs2022\intermediate\interfacelib\r_wikigames_eng_win32\infcityoccupy.obj
t:\35vs2022\intermediate\interfacelib\r_wikigames_eng_win32\infcitymission.obj
t:\35vs2022\intermediate\interfacelib\r_wikigames_eng_win32\infcityleader.obj
t:\35vs2022\intermediate\interfacelib\r_wikigames_eng_win32\infcitylab.obj
t:\35vs2022\intermediate\interfacelib\r_wikigames_eng_win32\infcityinfinityshop.obj
t:\35vs2022\intermediate\interfacelib\r_wikigames_eng_win32\infcityinfinityfield.obj
t:\35vs2022\intermediate\interfacelib\r_wikigames_eng_win32\infcitycashshop.obj
t:\35vs2022\intermediate\interfacelib\r_wikigames_eng_win32\infcityboard.obj
t:\35vs2022\intermediate\interfacelib\r_wikigames_eng_win32\infcitybazaar.obj
t:\35vs2022\intermediate\interfacelib\r_wikigames_eng_win32\infcitybase.obj
t:\35vs2022\intermediate\interfacelib\r_wikigames_eng_win32\infcityauction.obj
t:\35vs2022\intermediate\interfacelib\r_wikigames_eng_win32\infcityarena.obj
t:\35vs2022\intermediate\interfacelib\r_wikigames_eng_win32\infcharacterinfoextend.obj
t:\35vs2022\intermediate\interfacelib\r_wikigames_eng_win32\infcharacterinfo.obj
t:\35vs2022\intermediate\interfacelib\r_wikigames_eng_win32\infchannellist.obj
t:\35vs2022\intermediate\interfacelib\r_wikigames_eng_win32\infcouponwindow.obj
t:\35vs2022\intermediate\interfacelib\r_wikigames_eng_win32\infcommupartyinvite.obj
t:\35vs2022\intermediate\interfacelib\r_wikigames_eng_win32\infcommupartycre.obj
t:\35vs2022\intermediate\interfacelib\r_wikigames_eng_win32\infcommunityvoip.obj
t:\35vs2022\intermediate\interfacelib\r_wikigames_eng_win32\infcommunityuseropensetup.obj
t:\35vs2022\intermediate\interfacelib\r_wikigames_eng_win32\infcommunityuserinfo.obj
t:\35vs2022\intermediate\interfacelib\r_wikigames_eng_win32\infcommunityreject.obj
t:\35vs2022\intermediate\interfacelib\r_wikigames_eng_win32\infcommunityparty.obj
t:\35vs2022\intermediate\interfacelib\r_wikigames_eng_win32\infcommunityletter.obj
t:\35vs2022\intermediate\interfacelib\r_wikigames_eng_win32\infcommunityguildsearch.obj
t:\35vs2022\intermediate\interfacelib\r_wikigames_eng_win32\infcommunityguildmanager.obj
t:\35vs2022\intermediate\interfacelib\r_wikigames_eng_win32\infcommunityguildintrome.obj
t:\35vs2022\intermediate\interfacelib\r_wikigames_eng_win32\infcommunityguild.obj
t:\35vs2022\intermediate\interfacelib\r_wikigames_eng_win32\infcommunityfriend.obj
t:\35vs2022\intermediate\interfacelib\r_wikigames_eng_win32\infcommunitychatroom.obj
t:\35vs2022\intermediate\interfacelib\r_wikigames_eng_win32\infcommunity.obj
t:\35vs2022\intermediate\interfacelib\r_wikigames_eng_win32\infcomboboxex.obj
t:\35vs2022\intermediate\interfacelib\r_wikigames_eng_win32\infcombobox.obj
t:\35vs2022\intermediate\interfacelib\r_wikigames_eng_win32\infcitywarpointshop.obj
t:\35vs2022\intermediate\interfacelib\r_wikigames_eng_win32\infcitywarp.obj
t:\35vs2022\intermediate\interfacelib\r_wikigames_eng_win32\infgamemainwisperchat.obj
t:\35vs2022\intermediate\interfacelib\r_wikigames_eng_win32\infgamemainunitinfobar.obj
t:\35vs2022\intermediate\interfacelib\r_wikigames_eng_win32\infgamemainsysmsg.obj
t:\35vs2022\intermediate\interfacelib\r_wikigames_eng_win32\infgamemainqslot.obj
t:\35vs2022\intermediate\interfacelib\r_wikigames_eng_win32\infgamemainoutpost.obj
t:\35vs2022\intermediate\interfacelib\r_wikigames_eng_win32\infgamemainotherinfo.obj
t:\35vs2022\intermediate\interfacelib\r_wikigames_eng_win32\infgamemainminimap.obj
t:\35vs2022\intermediate\interfacelib\r_wikigames_eng_win32\infgamemainfaq.obj
t:\35vs2022\intermediate\interfacelib\r_wikigames_eng_win32\infgamemainchat.obj
t:\35vs2022\intermediate\interfacelib\r_wikigames_eng_win32\infgamemain.obj
t:\35vs2022\intermediate\interfacelib\r_wikigames_eng_win32\infgamehelpdesk.obj
t:\35vs2022\intermediate\interfacelib\r_wikigames_eng_win32\infgamecountdown.obj
t:\35vs2022\intermediate\interfacelib\r_wikigames_eng_win32\infgamearena.obj
t:\35vs2022\intermediate\interfacelib\r_wikigames_eng_win32\inffadeeffect.obj
t:\35vs2022\intermediate\interfacelib\r_wikigames_eng_win32\infeditbox.obj
t:\35vs2022\intermediate\interfacelib\r_wikigames_eng_win32\infdissolution.obj
t:\35vs2022\intermediate\interfacelib\r_wikigames_eng_win32\infdefaultwnd.obj
t:\35vs2022\intermediate\interfacelib\r_wikigames_eng_win32\infdamageview.obj
t:\35vs2022\intermediate\interfacelib\r_wikigames_eng_win32\infcurseleditbox.obj
t:\35vs2022\intermediate\interfacelib\r_wikigames_eng_win32\infcreatemenu.obj
t:\35vs2022\intermediate\interfacelib\r_wikigames_eng_win32\infmapload.obj
t:\35vs2022\intermediate\interfacelib\r_wikigames_eng_win32\influckymachine.obj
t:\35vs2022\intermediate\interfacelib\r_wikigames_eng_win32\inflistbox.obj
t:\35vs2022\intermediate\interfacelib\r_wikigames_eng_win32\infiteminfo.obj
t:\35vs2022\intermediate\interfacelib\r_wikigames_eng_win32\infinvenitem.obj
t:\35vs2022\intermediate\interfacelib\r_wikigames_eng_win32\infinvenextend.obj
t:\35vs2022\intermediate\interfacelib\r_wikigames_eng_win32\infinvenequip.obj
t:\35vs2022\intermediate\interfacelib\r_wikigames_eng_win32\infinven.obj
t:\35vs2022\intermediate\interfacelib\r_wikigames_eng_win32\infinfinity.obj
t:\35vs2022\intermediate\interfacelib\r_wikigames_eng_win32\infimportantinfo.obj
t:\35vs2022\intermediate\interfacelib\r_wikigames_eng_win32\infimageradiobtn.obj
t:\35vs2022\intermediate\interfacelib\r_wikigames_eng_win32\infimagelistctrl.obj
t:\35vs2022\intermediate\interfacelib\r_wikigames_eng_win32\infimagelistbox.obj
t:\35vs2022\intermediate\interfacelib\r_wikigames_eng_win32\infimagefile.obj
t:\35vs2022\intermediate\interfacelib\r_wikigames_eng_win32\infimagecomboboxex.obj
t:\35vs2022\intermediate\interfacelib\r_wikigames_eng_win32\infimagecombobox.obj
t:\35vs2022\intermediate\interfacelib\r_wikigames_eng_win32\infimagebtnboth.obj
t:\35vs2022\intermediate\interfacelib\r_wikigames_eng_win32\infimagebtn.obj
t:\35vs2022\intermediate\interfacelib\r_wikigames_eng_win32\infimage.obj
t:\35vs2022\intermediate\interfacelib\r_wikigames_eng_win32\inficon.obj
t:\35vs2022\intermediate\interfacelib\r_wikigames_eng_win32\infoptionmachine.obj
t:\35vs2022\intermediate\interfacelib\r_wikigames_eng_win32\infopsmallhelper.obj
t:\35vs2022\intermediate\interfacelib\r_wikigames_eng_win32\infopmain.obj
t:\35vs2022\intermediate\interfacelib\r_wikigames_eng_win32\infopjoystick.obj
t:\35vs2022\intermediate\interfacelib\r_wikigames_eng_win32\infopinfo.obj
t:\35vs2022\intermediate\interfacelib\r_wikigames_eng_win32\infopbighelper.obj
t:\35vs2022\intermediate\interfacelib\r_wikigames_eng_win32\infnumeditbox.obj
t:\35vs2022\intermediate\interfacelib\r_wikigames_eng_win32\infmp3player.obj
t:\35vs2022\intermediate\interfacelib\r_wikigames_eng_win32\infmothershipmanager.obj
t:\35vs2022\intermediate\interfacelib\r_wikigames_eng_win32\infmissiontreeinfo.obj
t:\35vs2022\intermediate\interfacelib\r_wikigames_eng_win32\infmissionselinfluence.obj
t:\35vs2022\intermediate\interfacelib\r_wikigames_eng_win32\infmissionpopupinfo.obj
t:\35vs2022\intermediate\interfacelib\r_wikigames_eng_win32\infmissionmasterreg.obj
t:\35vs2022\intermediate\interfacelib\r_wikigames_eng_win32\infmissionmapviewctrl.obj
t:\35vs2022\intermediate\interfacelib\r_wikigames_eng_win32\infmissionmain.obj
t:\35vs2022\intermediate\interfacelib\r_wikigames_eng_win32\infmissioninfo.obj
t:\35vs2022\intermediate\interfacelib\r_wikigames_eng_win32\infmissionanictrl.obj
t:\35vs2022\intermediate\interfacelib\r_wikigames_eng_win32\infmission.obj
t:\35vs2022\intermediate\interfacelib\r_wikigames_eng_win32\infmenulist.obj
t:\35vs2022\intermediate\interfacelib\r_wikigames_eng_win32\infmapname.obj
t:\35vs2022\intermediate\interfacelib\r_wikigames_eng_win32\infsinglecurseleditbox.obj
t:\35vs2022\intermediate\interfacelib\r_wikigames_eng_win32\infselectoption.obj
t:\35vs2022\intermediate\interfacelib\r_wikigames_eng_win32\infselectmenu.obj
t:\35vs2022\intermediate\interfacelib\r_wikigames_eng_win32\infselectback.obj
t:\35vs2022\intermediate\interfacelib\r_wikigames_eng_win32\infselect.obj
t:\35vs2022\intermediate\interfacelib\r_wikigames_eng_win32\infsecusetpasswnd.obj
t:\35vs2022\intermediate\interfacelib\r_wikigames_eng_win32\infsecuselectmenu.obj
t:\35vs2022\intermediate\interfacelib\r_wikigames_eng_win32\infsecupasswnd.obj
t:\35vs2022\intermediate\interfacelib\r_wikigames_eng_win32\infsecumain.obj
t:\35vs2022\intermediate\interfacelib\r_wikigames_eng_win32\infseculockwnd.obj
t:\35vs2022\intermediate\interfacelib\r_wikigames_eng_win32\infsecueditbox.obj
t:\35vs2022\intermediate\interfacelib\r_wikigames_eng_win32\infsecuchanpasswnd.obj
t:\35vs2022\intermediate\interfacelib\r_wikigames_eng_win32\infscrollbar.obj
t:\35vs2022\intermediate\interfacelib\r_wikigames_eng_win32\infquest.obj
t:\35vs2022\intermediate\interfacelib\r_wikigames_eng_win32\infpopupmenu.obj
t:\35vs2022\intermediate\interfacelib\r_wikigames_eng_win32\infpilotface.obj
t:\35vs2022\intermediate\interfacelib\r_wikigames_eng_win32\infothercharinfo.obj
t:\35vs2022\intermediate\interfacelib\r_wikigames_eng_win32\infopwnd.obj
t:\35vs2022\intermediate\interfacelib\r_wikigames_eng_win32\infopuserhelper.obj
t:\35vs2022\intermediate\interfacelib\r_wikigames_eng_win32\infoptionsystem.obj
t:\35vs2022\intermediate\interfacelib\r_wikigames_eng_win32\setupconfig.obj
t:\35vs2022\intermediate\interfacelib\r_wikigames_eng_win32\interface.obj
t:\35vs2022\intermediate\interfacelib\r_wikigames_eng_win32\infworldrankwnd.obj
t:\35vs2022\intermediate\interfacelib\r_wikigames_eng_win32\infwindow.obj
t:\35vs2022\intermediate\interfacelib\r_wikigames_eng_win32\infweaponinfo.obj
t:\35vs2022\intermediate\interfacelib\r_wikigames_eng_win32\infwardeclare.obj
t:\35vs2022\intermediate\interfacelib\r_wikigames_eng_win32\infunitstate.obj
t:\35vs2022\intermediate\interfacelib\r_wikigames_eng_win32\infunitnameinfo.obj
t:\35vs2022\intermediate\interfacelib\r_wikigames_eng_win32\infunitcreateinfo.obj
t:\35vs2022\intermediate\interfacelib\r_wikigames_eng_win32\inftrade.obj
t:\35vs2022\intermediate\interfacelib\r_wikigames_eng_win32\inftooltip.obj
t:\35vs2022\intermediate\interfacelib\r_wikigames_eng_win32\inftarget.obj
t:\35vs2022\intermediate\interfacelib\r_wikigames_eng_win32\infsystem.obj
t:\35vs2022\intermediate\interfacelib\r_wikigames_eng_win32\infstageeffectdata.obj
t:\35vs2022\intermediate\interfacelib\r_wikigames_eng_win32\infstageeffect.obj
t:\35vs2022\intermediate\interfacelib\r_wikigames_eng_win32\infspeakemsg.obj
t:\35vs2022\intermediate\interfacelib\r_wikigames_eng_win32\infskill.obj
t:\35vs2022\output\lib\release\interfacelib.lib
t:\35vs2022\client\..\output\lib\release\interfacelib.pdb
t:\35vs2022\client\..\intermediate\interfacelib\r_wikigames_eng_win32\interfacelib.vcxproj.filelistabsolute.txt
t:\35vs2022\intermediate\interfacelib\r_wikigames_eng_win32\interfacelib.tlog\cl.command.1.tlog
t:\35vs2022\intermediate\interfacelib\r_wikigames_eng_win32\interfacelib.tlog\cl.read.1.tlog
t:\35vs2022\intermediate\interfacelib\r_wikigames_eng_win32\interfacelib.tlog\cl.write.1.tlog
t:\35vs2022\intermediate\interfacelib\r_wikigames_eng_win32\interfacelib.tlog\lib-link.read.1.tlog
t:\35vs2022\intermediate\interfacelib\r_wikigames_eng_win32\interfacelib.tlog\lib-link.write.1.tlog
t:\35vs2022\intermediate\interfacelib\r_wikigames_eng_win32\interfacelib.tlog\lib.command.1.tlog
