t:\35vs2022\intermediate\datarenderlib\r_wikigames_eng_win32\datarenderlib.pdb
t:\35vs2022\intermediate\datarenderlib\r_wikigames_eng_win32\unitdata.obj
t:\35vs2022\intermediate\datarenderlib\r_wikigames_eng_win32\sunrender.obj
t:\35vs2022\intermediate\datarenderlib\r_wikigames_eng_win32\sundata.obj
t:\35vs2022\intermediate\datarenderlib\r_wikigames_eng_win32\storedata.obj
t:\35vs2022\intermediate\datarenderlib\r_wikigames_eng_win32\shuttlechild.obj
t:\35vs2022\intermediate\datarenderlib\r_wikigames_eng_win32\rainrender.obj
t:\35vs2022\intermediate\datarenderlib\r_wikigames_eng_win32\raindata.obj
t:\35vs2022\intermediate\datarenderlib\r_wikigames_eng_win32\questdata.obj
t:\35vs2022\intermediate\datarenderlib\r_wikigames_eng_win32\petmanager.obj
t:\35vs2022\intermediate\datarenderlib\r_wikigames_eng_win32\objrender.obj
t:\35vs2022\intermediate\datarenderlib\r_wikigames_eng_win32\objectchild.obj
t:\35vs2022\intermediate\datarenderlib\r_wikigames_eng_win32\monsterdata.obj
t:\35vs2022\intermediate\datarenderlib\r_wikigames_eng_win32\monrender.obj
t:\35vs2022\intermediate\datarenderlib\r_wikigames_eng_win32\meshrender.obj
t:\35vs2022\intermediate\datarenderlib\r_wikigames_eng_win32\itemdata.obj
t:\35vs2022\intermediate\datarenderlib\r_wikigames_eng_win32\etcrender.obj
t:\35vs2022\intermediate\datarenderlib\r_wikigames_eng_win32\enemydata.obj
t:\35vs2022\intermediate\datarenderlib\r_wikigames_eng_win32\characterrender.obj
t:\35vs2022\intermediate\datarenderlib\r_wikigames_eng_win32\characterchild.obj
t:\35vs2022\intermediate\datarenderlib\r_wikigames_eng_win32\boarddata.obj
t:\35vs2022\intermediate\datarenderlib\r_wikigames_eng_win32\wslowdata.obj
t:\35vs2022\intermediate\datarenderlib\r_wikigames_eng_win32\weaponshielddata.obj
t:\35vs2022\intermediate\datarenderlib\r_wikigames_eng_win32\weaponrocketdata.obj
t:\35vs2022\intermediate\datarenderlib\r_wikigames_eng_win32\weaponmissiledata.obj
t:\35vs2022\intermediate\datarenderlib\r_wikigames_eng_win32\weaponminedata.obj
t:\35vs2022\intermediate\datarenderlib\r_wikigames_eng_win32\weaponfiredata.obj
t:\35vs2022\intermediate\datarenderlib\r_wikigames_eng_win32\weaponfastdata.obj
t:\35vs2022\intermediate\datarenderlib\r_wikigames_eng_win32\weaponallattackdata.obj
t:\35vs2022\intermediate\datarenderlib\r_wikigames_eng_win32\weapon.obj
t:\35vs2022\intermediate\datarenderlib\r_wikigames_eng_win32\unitrender.obj
t:\35vs2022\output\lib\release\datarenderlib.lib
t:\35vs2022\client\..\output\lib\release\datarenderlib.pdb
t:\35vs2022\client\..\intermediate\datarenderlib\r_wikigames_eng_win32\datarenderlib.vcxproj.filelistabsolute.txt
t:\35vs2022\intermediate\datarenderlib\r_wikigames_eng_win32\datarenderlib.tlog\cl.command.1.tlog
t:\35vs2022\intermediate\datarenderlib\r_wikigames_eng_win32\datarenderlib.tlog\cl.read.1.tlog
t:\35vs2022\intermediate\datarenderlib\r_wikigames_eng_win32\datarenderlib.tlog\cl.write.1.tlog
t:\35vs2022\intermediate\datarenderlib\r_wikigames_eng_win32\datarenderlib.tlog\lib-link.read.1.tlog
t:\35vs2022\intermediate\datarenderlib\r_wikigames_eng_win32\datarenderlib.tlog\lib-link.write.1.tlog
t:\35vs2022\intermediate\datarenderlib\r_wikigames_eng_win32\datarenderlib.tlog\lib.command.1.tlog
