t:\35vs2022\intermediate\projectatum\r_wikigames_eng_win32\mempoolclient.obj
t:\35vs2022\intermediate\projectatum\r_wikigames_eng_win32\errorcontroller.obj
t:\35vs2022\intermediate\projectatum\r_wikigames_eng_win32\initthread.obj
t:\35vs2022\intermediate\projectatum\r_wikigames_eng_win32\quadtree.obj
t:\35vs2022\intermediate\projectatum\r_wikigames_eng_win32\shieldsecurity.obj
t:\35vs2022\intermediate\projectatum\r_wikigames_eng_win32\atumapplication.obj
t:\35vs2022\intermediate\projectatum\r_wikigames_eng_win32\quadground.obj
t:\35vs2022\intermediate\projectatum\r_wikigames_eng_win32\shieldsecuritydll.obj
t:\35vs2022\intermediate\projectatum\r_wikigames_eng_win32\background.obj
t:\35vs2022\intermediate\projectatum\r_wikigames_eng_win32\ntdbghelperwindow.obj
t:\35vs2022\intermediate\projectatum\r_wikigames_eng_win32\water.obj
t:\35vs2022\intermediate\projectatum\r_wikigames_eng_win32\md5.obj
t:\35vs2022\intermediate\projectatum\r_wikigames_eng_win32\arenamanager.obj
t:\35vs2022\intermediate\projectatum\r_wikigames_eng_win32\imsocketmanager.obj
t:\35vs2022\intermediate\projectatum\r_wikigames_eng_win32\projectatum.obj
t:\35vs2022\intermediate\projectatum\r_wikigames_eng_win32\vmemclient.obj
t:\35vs2022\intermediate\projectatum\r_wikigames_eng_win32\darkcrash.obj
t:\35vs2022\intermediate\projectatum\r_wikigames_eng_win32\mapinitthread.obj
t:\35vs2022\intermediate\projectatum\r_wikigames_eng_win32\worldrankmanager.obj
t:\35vs2022\intermediate\projectatum\r_wikigames_eng_win32\infgamemain.obj
t:\35vs2022\intermediate\projectatum\r_wikigames_eng_win32\infinitymanager.obj
t:\35vs2022\intermediate\projectatum\r_wikigames_eng_win32\singleplaygame.obj
t:\35vs2022\intermediate\projectatum\r_wikigames_eng_win32\infinfinity.obj
t:\35vs2022\intermediate\projectatum\r_wikigames_eng_win32\fieldwinsocketmanager.obj
t:\35vs2022\intermediate\projectatum\r_wikigames_eng_win32\ntgetwinver.obj
t:\35vs2022\intermediate\projectatum\r_wikigames_eng_win32\atumnode.obj
t:\35vs2022\intermediate\projectatum\r_wikigames_eng_win32\customoptimizer.obj
t:\35vs2022\intermediate\projectatum\r_wikigames_eng_win32\ntexceptioncause.obj
t:\35vs2022\intermediate\projectatum\r_wikigames_eng_win32\ntsysteminfo.obj
t:\35vs2022\intermediate\projectatum\r_wikigames_eng_win32\infcityinfinityfield.obj
t:\35vs2022\intermediate\projectatum\r_wikigames_eng_win32\globalimage.obj
t:\35vs2022\intermediate\projectatum\r_wikigames_eng_win32\ntminidump.obj
t:\35vs2022\intermediate\projectatum\r_wikigames_eng_win32\utility.obj
t:\35vs2022\intermediate\projectatum\r_wikigames_eng_win32\atumdatabase.obj
t:\35vs2022\intermediate\projectatum\r_wikigames_eng_win32\ntftp.obj
t:\35vs2022\intermediate\projectatum\r_wikigames_eng_win32\scenedata.obj
t:\35vs2022\intermediate\projectatum\r_wikigames_eng_win32\zwave_sdk_client.obj
t:\35vs2022\intermediate\projectatum\r_wikigames_eng_win32\cimm.obj
t:\35vs2022\intermediate\projectatum\r_wikigames_eng_win32\mapload.obj
t:\35vs2022\intermediate\projectatum\r_wikigames_eng_win32\metafile.obj
t:\35vs2022\intermediate\projectatum\r_wikigames_eng_win32\cinput.obj
t:\35vs2022\intermediate\projectatum\r_wikigames_eng_win32\meshinitthread.obj
t:\35vs2022\intermediate\projectatum\r_wikigames_eng_win32\vc143.pdb
t:\35vs2022\output\client\aceonline.exe
t:\35vs2022\intermediate\projectatum\r_wikigames_eng_win32\aceonline.ipdb
t:\35vs2022\intermediate\projectatum\r_wikigames_eng_win32\aceonline.iobj
t:\35vs2022\output\client\aceonline.pdb
t:\35vs2022\intermediate\projectatum\r_wikigames_eng_win32\projectatum.res
t:\35vs2022\client\..\output\client\aceonline.pdb
t:\35vs2022\client\..\intermediate\projectatum\r_wikigames_eng_win32\projectatum.vcxproj.filelistabsolute.txt
t:\35vs2022\intermediate\projectatum\r_wikigames_eng_win32\projectatum.tlog\cl.11768.write.1.tlog
t:\35vs2022\intermediate\projectatum\r_wikigames_eng_win32\projectatum.tlog\cl.command.1.tlog
t:\35vs2022\intermediate\projectatum\r_wikigames_eng_win32\projectatum.tlog\cl.read.1.tlog
t:\35vs2022\intermediate\projectatum\r_wikigames_eng_win32\projectatum.tlog\link.command.1.tlog
t:\35vs2022\intermediate\projectatum\r_wikigames_eng_win32\projectatum.tlog\link.read.1.tlog
t:\35vs2022\intermediate\projectatum\r_wikigames_eng_win32\projectatum.tlog\link.write.1.tlog
t:\35vs2022\intermediate\projectatum\r_wikigames_eng_win32\projectatum.tlog\metagen.read.1.tlog
t:\35vs2022\intermediate\projectatum\r_wikigames_eng_win32\projectatum.tlog\metagen.write.1.tlog
t:\35vs2022\intermediate\projectatum\r_wikigames_eng_win32\projectatum.tlog\rc.command.1.tlog
t:\35vs2022\intermediate\projectatum\r_wikigames_eng_win32\projectatum.tlog\rc.read.1.tlog
t:\35vs2022\intermediate\projectatum\r_wikigames_eng_win32\projectatum.tlog\rc.write.1.tlog
