t:\35vs2022\intermediate\questloader\r_wikigames_eng_win32\questloader.l.obj
t:\35vs2022\intermediate\questloader\r_wikigames_eng_win32\main.obj
t:\35vs2022\intermediate\questloader\r_wikigames_eng_win32\questloader.obj
t:\35vs2022\intermediate\questloader\r_wikigames_eng_win32\uservariable.obj
t:\35vs2022\intermediate\questloader\r_wikigames_eng_win32\quest.obj
t:\35vs2022\intermediate\questloader\r_wikigames_eng_win32\questloaderparser.obj
t:\35vs2022\intermediate\questloader\r_wikigames_eng_win32\vc143.pdb
t:\35vs2022\server\gameserver\questloader\.l.cpp
t:\35vs2022\server\gameserver\questloader\.cpp
t:\35vs2022\output\tools\questloader.exe
t:\35vs2022\output\tools\questloader.pdb
t:\35vs2022\server\gameserver\..\..\output\tools\questloader.pdb
t:\35vs2022\server\gameserver\..\..\intermediate\questloader\r_wikigames_eng_win32\questloader.vcxproj.filelistabsolute.txt
t:\35vs2022\intermediate\questloader\r_wikigames_eng_win32\questloader.tlog\cl.1004.write.1.tlog
t:\35vs2022\intermediate\questloader\r_wikigames_eng_win32\questloader.tlog\cl.command.1.tlog
t:\35vs2022\intermediate\questloader\r_wikigames_eng_win32\questloader.tlog\cl.read.1.tlog
t:\35vs2022\intermediate\questloader\r_wikigames_eng_win32\questloader.tlog\custombuild.command.1.tlog
t:\35vs2022\intermediate\questloader\r_wikigames_eng_win32\questloader.tlog\custombuild.read.1.tlog
t:\35vs2022\intermediate\questloader\r_wikigames_eng_win32\questloader.tlog\custombuild.write.1.tlog
t:\35vs2022\intermediate\questloader\r_wikigames_eng_win32\questloader.tlog\link.command.1.tlog
t:\35vs2022\intermediate\questloader\r_wikigames_eng_win32\questloader.tlog\link.read.1.tlog
t:\35vs2022\intermediate\questloader\r_wikigames_eng_win32\questloader.tlog\link.write.1.tlog
